开始加载建筑和阴影数据...
开始加载OSM图...
开始批量计算每条边在每个时间片的阴影覆盖比...
已处理 100/10345 条边...
已处理 200/10345 条边...
已处理 300/10345 条边...
已处理 400/10345 条边...
已处理 500/10345 条边...
已处理 600/10345 条边...
已处理 700/10345 条边...
已处理 800/10345 条边...
Traceback (most recent call last):
  File "/mnt/ssd2T/yang/DX/time-shadow/precompute_shadow_ratios-offline.py", line 117, in <module>
    precompute_shadow_ratios()
  File "/mnt/ssd2T/yang/DX/time-shadow/precompute_shadow_ratios-offline.py", line 91, in precompute_shadow_ratios
    inters = edge_geom.intersection(shadow_poly)
             ^^^^^^^^^^^^^^^^^^^^^^^^^^^^^^^^^^^
  File "/home/yang/anaconda3/envs/dx/lib/python3.11/site-packages/shapely/geometry/base.py", line 599, in intersection
    return shapely.intersection(self, other, grid_size=grid_size)
           ^^^^^^^^^^^^^^^^^^^^^^^^^^^^^^^^^^^^^^^^^^^^^^^^^^^^^^
  File "/home/yang/anaconda3/envs/dx/lib/python3.11/site-packages/shapely/decorators.py", line 77, in wrapped
    return func(*args, **kwargs)
           ^^^^^^^^^^^^^^^^^^^^^
  File "/home/yang/anaconda3/envs/dx/lib/python3.11/site-packages/shapely/set_operations.py", line 131, in intersection
    return lib.intersection(a, b, **kwargs)
           ^^^^^^^^^^^^^^^^^^^^^^^^^^^^^^^^
KeyboardInterrupt
